[2016-10-31 07:54:36.3962][eb91f4b4-0865-4f85-92f4-5273f48ebe7e][TRACE] User: Uri:/Shared/V1/Anonymous/page/Login Start = 2016/10/31 07:54:33.927, End = 2016/10/31 07:54:36.396, Ellapsed = 2473 ms 
[2016-10-31 07:54:39.0772][280df6fc-8c63-40f1-9989-bde4648a4772][TRACE] User: Uri:/Shared/V1/resource/Messages Start = 2016/10/31 07:54:39.063, End = 2016/10/31 07:54:39.077, Ellapsed = 14 ms 
[2016-10-31 07:54:39.0852][bcad9cf0-6b03-4584-af6a-6b7fc288d076][TRACE] User: Uri:/Shared/V1/resource/StringContents Start = 2016/10/31 07:54:39.037, End = 2016/10/31 07:54:39.057, Ellapsed = 19 ms 
[2016-10-31 07:54:53.6188][c199ae0b-e89f-4043-aa1d-e65b835d793b][TRACE] User: Uri:/Shared/V1/Anonymous/page/Login Start = 2016/10/31 07:54:49.160, End = 2016/10/31 07:54:53.618, Ellapsed = 4468 ms 
[2016-10-31 07:54:57.5719][369cee8c-9d52-4991-823c-a80f73ecf0b4][TRACE] User:admin Uri:/Membership/V1/Users/page/UserSearchList Start = 2016/10/31 07:54:57.431, End = 2016/10/31 07:54:57.571, Ellapsed = 140 ms 
[2016-10-31 07:54:58.5563][856def72-78a7-4251-9407-05165d70af86][TRACE] User:admin Uri:/Membership/V1/resource/StringContents Start = 2016/10/31 07:54:58.556, End = 2016/10/31 07:54:58.556, Ellapsed = 0 ms 
[2016-10-31 07:54:58.6032][dd3a0b04-e2a1-4afa-85e1-9d276d48ee18][TRACE] User:admin Uri:/Membership/V1/resource/Messages Start = 2016/10/31 07:54:58.603, End = 2016/10/31 07:54:58.603, Ellapsed = 0 ms 
[2016-10-31 07:54:59.6032][20a644c0-310c-42bc-9a28-8fc78277470a][TRACE] User:admin Uri:/Menu/V1/Users/api/MenuItems Start = 2016/10/31 07:54:59.134, End = 2016/10/31 07:54:59.603, Ellapsed = 457 ms 
[2016-10-31 07:55:01.1344][f7ae7977-3de9-4800-88e6-54891f365163][TRACE] User:admin Uri:/Membership/V1/Users/api/Units Start = 2016/10/31 07:55:00.134, End = 2016/10/31 07:55:01.134, Ellapsed = 991 ms 
[2016-10-31 07:55:09.2739][730a3444-49d9-49b1-a0ee-e47432514939][TRACE] User:admin Uri:/Membership/V1/Users/page/UserSearchList/_/test Start = 2016/10/31 07:55:09.258, End = 2016/10/31 07:55:09.273, Ellapsed = 4 ms 
[2016-10-31 07:55:10.2739][8005df01-231a-49c8-a44f-3acde1ec93c7][TRACE] User:admin Uri:/Membership/V1/resource/StringContents Start = 2016/10/31 07:55:10.273, End = 2016/10/31 07:55:10.273, Ellapsed = 0 ms 
[2016-10-31 07:55:10.3051][672a4c69-fd8f-43c7-9708-00a065c3e812][TRACE] User:admin Uri:/Membership/V1/resource/Messages Start = 2016/10/31 07:55:10.305, End = 2016/10/31 07:55:10.305, Ellapsed = 0 ms 
[2016-10-31 07:55:10.8364][d0399bf8-38fb-4ea5-a95d-6925a436c42a][TRACE] User:admin Uri:/Menu/V1/Users/api/MenuItems Start = 2016/10/31 07:55:10.836, End = 2016/10/31 07:55:10.836, Ellapsed = 3 ms 
[2016-10-31 07:55:11.6099][2e7c54dd-4536-41fb-a978-bc901949385b][TRACE] User:admin Uri:/Membership/V1/Users/api/Units Start = 2016/10/31 07:55:11.578, End = 2016/10/31 07:55:11.609, Ellapsed = 19 ms 
[2016-10-31 08:35:05.7156][ce361d53-be9d-48ba-a983-69335c5a7856][TRACE] User: Uri:/Shared/V1/Anonymous/page/Login Start = 2016/10/31 08:35:04.621, End = 2016/10/31 08:35:05.700, Ellapsed = 1090 ms 
[2016-10-31 08:35:07.1531][19fc0e14-56dd-4b01-a3c5-4cf4111e508b][TRACE] User: Uri:/Shared/V1/resource/Messages Start = 2016/10/31 08:35:07.121, End = 2016/10/31 08:35:07.153, Ellapsed = 25 ms 
[2016-10-31 08:35:07.2156][e70913cd-fe29-4c15-bb66-f5efe5229928][TRACE] User: Uri:/Shared/V1/resource/StringContents Start = 2016/10/31 08:35:07.200, End = 2016/10/31 08:35:07.215, Ellapsed = 2 ms 
[2016-10-31 08:35:16.5050][0dcc34fd-ccbd-4b1b-8c37-351a47d1faee][TRACE] User: Uri:/Shared/V1/Anonymous/page/Login Start = 2016/10/31 08:35:14.989, End = 2016/10/31 08:35:16.505, Ellapsed = 1516 ms 
[2016-10-31 08:35:19.4581][ed63ec0b-7728-4f97-9b31-6f7c4e4606ad][TRACE] User:admin Uri:/Membership/V1/Users/page/UserSearchList Start = 2016/10/31 08:35:17.208, End = 2016/10/31 08:35:19.458, Ellapsed = 2242 ms 
[2016-10-31 08:35:20.8019][fd43179d-0e82-48d3-915e-ac11181b8012][TRACE] User:admin Uri:/Membership/V1/resource/StringContents Start = 2016/10/31 08:35:20.786, End = 2016/10/31 08:35:20.786, Ellapsed = 0 ms 
[2016-10-31 08:35:20.8175][240df209-5367-4993-bd5a-eb170ed4206e][TRACE] User:admin Uri:/Membership/V1/resource/Messages Start = 2016/10/31 08:35:20.817, End = 2016/10/31 08:35:20.817, Ellapsed = 0 ms 
[2016-10-31 08:35:21.6068][5e42cd3c-b68c-47b0-92b4-ba9e97650fda][TRACE] User:admin Uri:/Menu/V1/Users/api/MenuItems Start = 2016/10/31 08:35:21.341, End = 2016/10/31 08:35:21.606, Ellapsed = 259 ms 
[2016-10-31 08:35:22.4506][4f630475-1155-407c-ba63-25cb826bb3c3][TRACE] User:admin Uri:/Membership/V1/Users/api/Units Start = 2016/10/31 08:35:22.231, End = 2016/10/31 08:35:22.450, Ellapsed = 224 ms 
[2016-10-31 08:35:28.0346][716777b9-1a2a-4be4-be7c-7016ce7f867d][TRACE] User:admin Uri:/Membership/V1/Users/api/Users Start = 2016/10/31 08:35:24.144, End = 2016/10/31 08:35:28.034, Ellapsed = 3894 ms 
[2016-10-31 08:40:49.0688][e8d77192-3600-4621-b077-3031f20b374f][TRACE] User: Uri:/Shared/V1/Anonymous/page/Login Start = 2016/10/31 08:40:47.850, End = 2016/10/31 08:40:49.053, Ellapsed = 1213 ms 
[2016-10-31 08:40:50.8188][389adfae-106b-4208-836d-dfce90a64d54][TRACE] User: Uri:/Shared/V1/resource/StringContents Start = 2016/10/31 08:40:50.803, End = 2016/10/31 08:40:50.818, Ellapsed = 10 ms 
[2016-10-31 08:40:50.8344][57edd24c-ebfb-44a0-9453-8986712e4a28][TRACE] User: Uri:/Shared/V1/resource/Messages Start = 2016/10/31 08:40:50.834, End = 2016/10/31 08:40:50.834, Ellapsed = 6 ms 
[2016-10-31 08:41:04.8830][17d2df95-e87c-493f-8055-1b7e479401d0][TRACE] User: Uri:/Shared/V1/Anonymous/page/Login Start = 2016/10/31 08:41:03.554, End = 2016/10/31 08:41:04.883, Ellapsed = 1322 ms 
[2016-10-31 08:41:08.1955][5954320d-9460-4ead-b08e-87ddae032049][TRACE] User:admin Uri:/Membership/V1/Users/page/UserSearchList Start = 2016/10/31 08:41:05.836, End = 2016/10/31 08:41:08.195, Ellapsed = 2356 ms 
[2016-10-31 08:41:09.6799][2b485127-cff9-4359-aaa9-72b13d61daea][TRACE] User:admin Uri:/Membership/V1/resource/StringContents Start = 2016/10/31 08:41:09.664, End = 2016/10/31 08:41:09.664, Ellapsed = 1 ms 
[2016-10-31 08:41:09.7424][6a2a8dd2-9230-43c9-8bcc-737ac741a328][TRACE] User:admin Uri:/Membership/V1/resource/Messages Start = 2016/10/31 08:41:09.742, End = 2016/10/31 08:41:09.742, Ellapsed = 0 ms 
[2016-10-31 08:41:10.7424][d0dacf70-5090-454e-822b-4a22a1862da7][TRACE] User:admin Uri:/Menu/V1/Users/api/MenuItems Start = 2016/10/31 08:41:10.367, End = 2016/10/31 08:41:10.742, Ellapsed = 374 ms 
[2016-10-31 08:41:11.7090][1273d7d4-5e09-4d57-88df-359614351962][TRACE] User:admin Uri:/Membership/V1/Users/api/Units Start = 2016/10/31 08:41:11.474, End = 2016/10/31 08:41:11.709, Ellapsed = 230 ms 
[2016-10-31 08:41:25.8036][1a0d7468-f117-404b-a62b-d6a04a4817da][TRACE] User:admin Uri:/Membership/V1/Users/api/Users Start = 2016/10/31 08:41:24.303, End = 2016/10/31 08:41:25.803, Ellapsed = 1491 ms 
[2016-10-31 08:41:33.6643][29a286d3-320c-451c-a4e2-41ca43e70a81][TRACE] User:admin Uri:/Membership/V1/Users/page/UserSearchList/_/test Start = 2016/10/31 08:41:33.664, End = 2016/10/31 08:41:33.664, Ellapsed = 4 ms 
[2016-10-31 08:41:34.8518][12558565-b186-4a0c-9ca0-85354ecc8007][TRACE] User:admin Uri:/Membership/V1/resource/Messages Start = 2016/10/31 08:41:34.851, End = 2016/10/31 08:41:34.851, Ellapsed = 0 ms 
[2016-10-31 08:41:34.8831][e5dcccbb-a567-4a96-96f0-5dca7841f407][TRACE] User:admin Uri:/Membership/V1/resource/StringContents Start = 2016/10/31 08:41:34.883, End = 2016/10/31 08:41:34.883, Ellapsed = 1 ms 
[2016-10-31 08:41:35.4612][6f40690f-f462-4eea-8188-7e2dda99220b][TRACE] User:admin Uri:/Menu/V1/Users/api/MenuItems Start = 2016/10/31 08:41:35.445, End = 2016/10/31 08:41:35.461, Ellapsed = 4 ms 
[2016-10-31 08:41:36.3725][d29e0e46-523f-4a0a-9e0e-8a41b524f935][TRACE] User:admin Uri:/Membership/V1/Users/api/Units Start = 2016/10/31 08:41:36.341, End = 2016/10/31 08:41:36.356, Ellapsed = 20 ms 
[2016-10-31 08:46:42.5339][69a8c598-cb16-4213-b191-6556f3ec4041][TRACE] User: Uri:/Shared/V1/Anonymous/page/Login Start = 2016/10/31 08:46:42.408, End = 2016/10/31 08:46:42.518, Ellapsed = 114 ms 
[2016-10-31 08:46:43.5183][e6515a01-fec3-4695-b250-1036ebe96530][TRACE] User: Uri:/Shared/V1/resource/StringContents Start = 2016/10/31 08:46:43.502, End = 2016/10/31 08:46:43.518, Ellapsed = 13 ms 
[2016-10-31 08:46:43.5808][a97e6ed1-bc42-4775-a6b5-7ecaa0c56959][TRACE] User: Uri:/Shared/V1/resource/Messages Start = 2016/10/31 08:46:43.580, End = 2016/10/31 08:46:43.580, Ellapsed = 1 ms 
[2016-10-31 08:46:50.0362][a237ed7d-00aa-41f9-a1ca-8cae15fb304a][TRACE] User: Uri:/Shared/V1/Anonymous/page/Login Start = 2016/10/31 08:46:48.848, End = 2016/10/31 08:46:50.036, Ellapsed = 1178 ms 
[2016-10-31 08:46:51.0225][ea3e8db5-d3c2-4eec-9532-a97fa903e459][TRACE] User:admin Uri:/Membership/V1/Users/page/UserSearchList Start = 2016/10/31 08:46:50.944, End = 2016/10/31 08:46:51.022, Ellapsed = 85 ms 
[2016-10-31 08:46:52.2184][7a0778ea-7a8b-4b88-8468-e5871a85f29f][TRACE] User:admin Uri:/Membership/V1/resource/StringContents Start = 2016/10/31 08:46:52.202, End = 2016/10/31 08:46:52.218, Ellapsed = 2 ms 
[2016-10-31 08:46:52.2653][7462c774-d93c-40b5-8b83-1918f17fdc5b][TRACE] User:admin Uri:/Membership/V1/resource/Messages Start = 2016/10/31 08:46:52.249, End = 2016/10/31 08:46:52.265, Ellapsed = 1 ms 
[2016-10-31 08:46:53.1090][b5e330a5-bc1c-430b-971c-b1a4c6197141][TRACE] User:admin Uri:/Menu/V1/Users/api/MenuItems Start = 2016/10/31 08:46:52.874, End = 2016/10/31 08:46:53.109, Ellapsed = 240 ms 
[2016-10-31 08:46:53.9372][4a35f909-48a2-4703-b38f-5690e2af05eb][TRACE] User:admin Uri:/Membership/V1/Users/api/Units Start = 2016/10/31 08:46:53.702, End = 2016/10/31 08:46:53.937, Ellapsed = 223 ms 
[2016-10-31 08:46:56.6090][baff6eec-06a0-47a8-909b-8db00201d917][TRACE] User:admin Uri:/Membership/V1/Users/api/Users Start = 2016/10/31 08:46:55.155, End = 2016/10/31 08:46:56.609, Ellapsed = 1450 ms 
[2016-10-31 08:47:21.5433][0e885b7d-ea9f-4569-af91-d5d84fc05f37][TRACE] User: Uri:/Shared/V1/Anonymous/page/Login Start = 2016/10/31 08:47:21.433, End = 2016/10/31 08:47:21.527, Ellapsed = 96 ms 
[2016-10-31 08:47:22.8619][dd8cfaf7-c5ba-4631-b5e8-89e7c3ee5a41][TRACE] User: Uri:/Shared/V1/resource/Messages Start = 2016/10/31 08:47:22.830, End = 2016/10/31 08:47:22.861, Ellapsed = 25 ms 
[2016-10-31 08:47:22.9087][ebf4d682-ecaa-4373-8838-4ba6a20f2838][TRACE] User: Uri:/Shared/V1/resource/StringContents Start = 2016/10/31 08:47:22.908, End = 2016/10/31 08:47:22.908, Ellapsed = 0 ms 
[2016-10-31 08:47:29.4244][d2a11f3c-d2a7-4212-99fc-71a432dd1648][TRACE] User: Uri:/Shared/V1/Anonymous/page/Login Start = 2016/10/31 08:47:28.252, End = 2016/10/31 08:47:29.424, Ellapsed = 1171 ms 
[2016-10-31 08:47:30.3931][f8baf0d3-3b13-4c98-a7ac-5e35f1329e8b][TRACE] User:admin Uri:/Membership/V1/Users/page/UserSearchList Start = 2016/10/31 08:47:30.315, End = 2016/10/31 08:47:30.393, Ellapsed = 77 ms 
[2016-10-31 08:47:31.3306][3ebe623c-03a7-4ff9-ab06-9864040aa328][TRACE] User:admin Uri:/Membership/V1/resource/StringContents Start = 2016/10/31 08:47:31.315, End = 2016/10/31 08:47:31.315, Ellapsed = 1 ms 
[2016-10-31 08:47:31.4087][71fe27a1-587c-4db7-9298-7314c0d07734][TRACE] User:admin Uri:/Membership/V1/resource/Messages Start = 2016/10/31 08:47:31.408, End = 2016/10/31 08:47:31.408, Ellapsed = 1 ms 
[2016-10-31 08:47:32.2033][1bc7d8a3-7e06-4844-b38a-79861ea31583][TRACE] User:admin Uri:/Menu/V1/Users/api/MenuItems Start = 2016/10/31 08:47:31.854, End = 2016/10/31 08:47:32.203, Ellapsed = 344 ms 
[2016-10-31 08:47:33.0540][1a520a16-af2c-4ecc-ade7-3b256d40d2b7][TRACE] User:admin Uri:/Membership/V1/Users/api/Units Start = 2016/10/31 08:47:32.810, End = 2016/10/31 08:47:33.054, Ellapsed = 243 ms 
[2016-10-31 12:02:29.9378][5e7665bf-2e90-4a66-b63f-e6f9126c1a33][TRACE] User: Uri:/Shared/V1/Anonymous/page/Login Start = 2016/10/31 12:02:28.672, End = 2016/10/31 12:02:29.922, Ellapsed = 1251 ms 
[2016-10-31 12:02:31.2503][a473612c-e8f5-4e2b-b86e-408d48acaf37][TRACE] User: Uri:/Shared/V1/resource/Messages Start = 2016/10/31 12:02:31.219, End = 2016/10/31 12:02:31.250, Ellapsed = 24 ms 
[2016-10-31 12:02:31.2503][a5e5f956-27cb-4bf2-84ba-1a2ac90ed661][TRACE] User: Uri:/Shared/V1/resource/StringContents Start = 2016/10/31 12:02:31.203, End = 2016/10/31 12:02:31.250, Ellapsed = 37 ms 
[2016-10-31 12:02:39.6714][069a4275-fa4f-4f79-b464-28cc9cdf5f13][TRACE] User: Uri:/Shared/V1/Anonymous/page/Login Start = 2016/10/31 12:02:38.044, End = 2016/10/31 12:02:39.671, Ellapsed = 1628 ms 
[2016-10-31 12:02:43.6951][e9cfe563-a95b-461c-900c-a34ecf179f16][TRACE] User:admin Uri:/Membership/V1/Users/page/UserSearchList Start = 2016/10/31 12:02:40.858, End = 2016/10/31 12:02:43.695, Ellapsed = 2830 ms 
[2016-10-31 12:02:45.6170][f59584b3-6566-4915-8dc9-886400d54bfb][TRACE] User:admin Uri:/Membership/V1/resource/Messages Start = 2016/10/31 12:02:45.617, End = 2016/10/31 12:02:45.617, Ellapsed = 1 ms 
[2016-10-31 12:02:45.6482][953b7bb4-58eb-4703-be92-abd2ec815eca][TRACE] User:admin Uri:/Membership/V1/resource/StringContents Start = 2016/10/31 12:02:45.648, End = 2016/10/31 12:02:45.648, Ellapsed = 1 ms 
[2016-10-31 12:02:46.5076][6f27e502-5bd0-4f8d-9ae1-f860990dcb6b][TRACE] User:admin Uri:/Menu/V1/Users/api/MenuItems Start = 2016/10/31 12:02:46.195, End = 2016/10/31 12:02:46.507, Ellapsed = 318 ms 
[2016-10-31 12:02:47.6326][69f5b37d-90a9-4973-9244-7dd6796533e5][TRACE] User:admin Uri:/Membership/V1/Users/api/Units Start = 2016/10/31 12:02:47.226, End = 2016/10/31 12:02:47.632, Ellapsed = 411 ms 
[2016-10-31 12:02:51.3952][4fba36e4-598c-489a-9811-863f1de66d2b][TRACE] User:admin Uri:/Membership/V1/Users/api/Users Start = 2016/10/31 12:02:49.082, End = 2016/10/31 12:02:51.395, Ellapsed = 2317 ms 
[2016-10-31 12:02:55.9577][418cc039-5848-4886-9e00-23adc9e48505][TRACE] User:admin Uri:/Shared/V1/Users/page/Download Start = 2016/10/31 12:02:54.660, End = 2016/10/31 12:02:55.957, Ellapsed = 1305 ms 
[2016-10-31 12:02:57.3171][772ae3f5-c22a-46ab-b77c-0693ba469c93][TRACE] User:admin Uri:/Membership/V1/Users/api/PdfService Start = 2016/10/31 12:02:56.660, End = 2016/10/31 12:02:57.317, Ellapsed = 661 ms 
[2016-10-31 12:04:44.0396][9973074f-25bb-483a-b898-1bce2b6b873d][TRACE] User: Uri:/Shared/V1/Anonymous/page/Login Start = 2016/10/31 12:04:43.930, End = 2016/10/31 12:04:44.023, Ellapsed = 97 ms 
[2016-10-31 12:04:45.6958][29a4a73a-144f-4e89-856b-cc4717013c05][TRACE] User: Uri:/Shared/V1/resource/StringContents Start = 2016/10/31 12:04:45.664, End = 2016/10/31 12:04:45.695, Ellapsed = 31 ms 
[2016-10-31 12:04:45.7271][8f213eeb-0369-45ad-b853-329b6db33800][TRACE] User: Uri:/Shared/V1/resource/Messages Start = 2016/10/31 12:04:45.727, End = 2016/10/31 12:04:45.727, Ellapsed = 0 ms 
[2016-10-31 12:04:51.1288][fcdf8bbc-3ac9-4b08-8d81-adf27b9421b7][TRACE] User: Uri:/Shared/V1/Anonymous/page/Login Start = 2016/10/31 12:04:49.941, End = 2016/10/31 12:04:51.128, Ellapsed = 1181 ms 
[2016-10-31 12:04:52.1757][b90f26e8-6aa9-4eb3-a4b3-9d32753e38ab][TRACE] User:admin Uri:/Membership/V1/Users/page/UserSearchList Start = 2016/10/31 12:04:52.066, End = 2016/10/31 12:04:52.175, Ellapsed = 105 ms 
[2016-10-31 12:04:53.4725][a59938de-e2b9-4dc8-8dd9-01daed590e45][TRACE] User:admin Uri:/Membership/V1/resource/Messages Start = 2016/10/31 12:04:53.472, End = 2016/10/31 12:04:53.472, Ellapsed = 3 ms 
[2016-10-31 12:04:53.5038][da2b98cb-3d30-4b32-8d13-064922446381][TRACE] User:admin Uri:/Membership/V1/resource/StringContents Start = 2016/10/31 12:04:53.503, End = 2016/10/31 12:04:53.503, Ellapsed = 0 ms 
[2016-10-31 12:04:54.3163][3c41b5c4-7f3a-446f-b51b-274d662d8d59][TRACE] User:admin Uri:/Menu/V1/Users/api/MenuItems Start = 2016/10/31 12:04:54.050, End = 2016/10/31 12:04:54.316, Ellapsed = 265 ms 
[2016-10-31 12:04:55.2226][1c47241d-a18b-42e6-9f4a-70c8e074d436][TRACE] User:admin Uri:/Membership/V1/Users/api/Units Start = 2016/10/31 12:04:54.925, End = 2016/10/31 12:04:55.222, Ellapsed = 301 ms 
[2016-10-31 12:05:00.6913][39ca3919-7f56-42d9-9e95-995f340de5d4][TRACE] User:admin Uri:/Membership/V1/Users/page/UserSearchList/_/test Start = 2016/10/31 12:05:00.691, End = 2016/10/31 12:05:00.691, Ellapsed = 9 ms 
[2016-10-31 12:05:01.8632][db86f96e-9218-4e81-9fbb-b325bdea02da][TRACE] User:admin Uri:/Membership/V1/resource/Messages Start = 2016/10/31 12:05:01.863, End = 2016/10/31 12:05:01.863, Ellapsed = 0 ms 
[2016-10-31 12:05:01.9569][dcdb30b5-6350-4335-b5f6-3b9d1d9b9d60][TRACE] User:admin Uri:/Membership/V1/resource/StringContents Start = 2016/10/31 12:05:01.956, End = 2016/10/31 12:05:01.956, Ellapsed = 0 ms 
[2016-10-31 12:05:02.5819][202b6c77-1413-407b-a49e-0c89f747ef3e][TRACE] User:admin Uri:/Menu/V1/Users/api/MenuItems Start = 2016/10/31 12:05:02.581, End = 2016/10/31 12:05:02.581, Ellapsed = 5 ms 
[2016-10-31 12:05:03.3173][b5ce73ca-d70c-4dfa-9f84-54a66bd644ba][TRACE] User:admin Uri:/Membership/V1/Users/api/Units Start = 2016/10/31 12:05:03.286, End = 2016/10/31 12:05:03.317, Ellapsed = 24 ms 
[2016-10-31 12:07:44.8382][c4aa0543-2eaa-4506-8deb-ce1e7513383e][TRACE] User: Uri:/Shared/V1/Anonymous/page/Login Start = 2016/10/31 12:07:44.744, End = 2016/10/31 12:07:44.822, Ellapsed = 85 ms 
[2016-10-31 12:07:46.1663][704aedd4-1898-4e13-9499-374d9ed1dda6][TRACE] User: Uri:/Shared/V1/resource/Messages Start = 2016/10/31 12:07:46.150, End = 2016/10/31 12:07:46.166, Ellapsed = 12 ms 
[2016-10-31 12:07:46.1663][db399e0d-73a5-446a-a972-e3a29e53cc3a][TRACE] User: Uri:/Shared/V1/resource/StringContents Start = 2016/10/31 12:07:46.166, End = 2016/10/31 12:07:46.166, Ellapsed = 1 ms 
[2016-10-31 12:07:55.8226][963909d9-8178-433a-9067-3f172adc7e3a][TRACE] User: Uri:/Shared/V1/Anonymous/page/Login Start = 2016/10/31 12:07:50.619, End = 2016/10/31 12:07:55.822, Ellapsed = 5200 ms 
[2016-10-31 12:07:56.4944][b7096e83-e83a-4c02-9a57-12a8cdadf521][TRACE] User: Uri:/Shared/V1/resource/Messages Start = 2016/10/31 12:07:56.494, End = 2016/10/31 12:07:56.494, Ellapsed = 0 ms 
[2016-10-31 12:07:56.5413][a41f354f-bc3d-445f-b469-856d9afb1061][TRACE] User: Uri:/Shared/V1/resource/StringContents Start = 2016/10/31 12:07:56.541, End = 2016/10/31 12:07:56.541, Ellapsed = 0 ms 
[2016-10-31 12:08:06.3594][6d987bd4-fdbc-44ad-b3b1-e5d12462f034][TRACE] User: Uri:/Shared/V1/Anonymous/page/Login Start = 2016/10/31 12:08:06.281, End = 2016/10/31 12:08:06.359, Ellapsed = 66 ms 
[2016-10-31 12:08:07.1133][9858c684-0e4b-4dde-bcce-fc3ef6e5f9be][TRACE] User:admin Uri:/Membership/V1/Users/page/UserSearchList Start = 2016/10/31 12:08:07.038, End = 2016/10/31 12:08:07.113, Ellapsed = 72 ms 
[2016-10-31 12:08:07.8120][b4b3e15b-7ac1-4fda-b5c1-3f67e702ed14][TRACE] User:admin Uri:/Membership/V1/resource/Messages Start = 2016/10/31 12:08:07.812, End = 2016/10/31 12:08:07.812, Ellapsed = 1 ms 
[2016-10-31 12:08:07.8433][20f9926e-f401-4113-86d2-06ceb64529fd][TRACE] User:admin Uri:/Membership/V1/resource/StringContents Start = 2016/10/31 12:08:07.843, End = 2016/10/31 12:08:07.843, Ellapsed = 1 ms 
[2016-10-31 12:08:08.5151][49afb9d6-7520-42d7-838f-c789a75e70c5][TRACE] User:admin Uri:/Menu/V1/Users/api/MenuItems Start = 2016/10/31 12:08:08.296, End = 2016/10/31 12:08:08.515, Ellapsed = 216 ms 
[2016-10-31 12:08:09.2651][e85b95fd-af14-42ae-9766-25d2ce48f5f4][TRACE] User:admin Uri:/Membership/V1/Users/api/Units Start = 2016/10/31 12:08:09.062, End = 2016/10/31 12:08:09.265, Ellapsed = 209 ms 
[2016-10-31 12:08:36.2264][36dedc94-85ea-4986-8c5e-746f1016dc7b][TRACE] User:admin Uri:/Membership/V1/Users/api/Users Start = 2016/10/31 12:08:11.469, End = 2016/10/31 12:08:36.226, Ellapsed = 24763 ms 
[2016-10-31 12:10:03.5601][25288fe7-6d3f-414b-b0d4-6a2b3a19aa07][TRACE] User: Uri:/Shared/V1/Anonymous/page/Login Start = 2016/10/31 12:10:03.450, End = 2016/10/31 12:10:03.560, Ellapsed = 101 ms 
[2016-10-31 12:10:04.7164][9fe368b6-f042-4a40-bc34-539f40c10907][TRACE] User: Uri:/Shared/V1/resource/StringContents Start = 2016/10/31 12:10:04.700, End = 2016/10/31 12:10:04.716, Ellapsed = 18 ms 
[2016-10-31 12:10:04.7476][ccc9161e-7eb8-4561-8c91-7a45a89ff2cf][TRACE] User: Uri:/Shared/V1/resource/Messages Start = 2016/10/31 12:10:04.747, End = 2016/10/31 12:10:04.747, Ellapsed = 1 ms 
[2016-10-31 12:12:23.7008][40c3f3a0-eda1-4407-8bea-907244436197][TRACE] User: Uri:/Shared/V1/Anonymous/page/Login Start = 2016/10/31 12:10:13.019, End = 2016/10/31 12:12:23.700, Ellapsed = 130682 ms 
[2016-10-31 12:12:24.5602][d2a47753-b8ed-4662-9585-e71b75dd06f6][TRACE] User:admin Uri:/Membership/V1/Users/page/UserSearchList Start = 2016/10/31 12:12:24.482, End = 2016/10/31 12:12:24.560, Ellapsed = 76 ms 
[2016-10-31 12:12:25.5914][d683ee79-1d0a-4004-ac2e-9a6fc89f5e91][TRACE] User:admin Uri:/Membership/V1/resource/StringContents Start = 2016/10/31 12:12:25.560, End = 2016/10/31 12:12:25.560, Ellapsed = 5 ms 
[2016-10-31 12:12:25.6227][23461b25-25b4-4268-896c-ae0c3bfdd919][TRACE] User:admin Uri:/Membership/V1/resource/Messages Start = 2016/10/31 12:12:25.622, End = 2016/10/31 12:12:25.622, Ellapsed = 1 ms 
[2016-10-31 12:12:26.2164][4880cbaf-c6cc-4447-a8e2-39251e22b6c4][TRACE] User:admin Uri:/Menu/V1/Users/api/MenuItems Start = 2016/10/31 12:12:25.997, End = 2016/10/31 12:12:26.216, Ellapsed = 215 ms 
[2016-10-31 12:12:26.9190][3d316907-af1d-4bc9-8376-43100cc79965][TRACE] User:admin Uri:/Membership/V1/Users/api/Units Start = 2016/10/31 12:12:26.684, End = 2016/10/31 12:12:26.919, Ellapsed = 220 ms 
[2016-10-31 12:14:59.3909][fccaee9f-7980-4c78-8edb-04c9733bc2e8][TRACE] User: Uri:/Shared/V1/Anonymous/page/Login Start = 2016/10/31 12:14:59.297, End = 2016/10/31 12:14:59.375, Ellapsed = 84 ms 
[2016-10-31 12:15:00.6565][23e9e1a3-23e1-4f34-8751-e926d475b53c][TRACE] User: Uri:/Shared/V1/resource/Messages Start = 2016/10/31 12:15:00.640, End = 2016/10/31 12:15:00.656, Ellapsed = 19 ms 
[2016-10-31 12:15:00.6721][1f8866b7-eba4-432f-ad24-4ef4e2f6194f][TRACE] User: Uri:/Shared/V1/resource/StringContents Start = 2016/10/31 12:15:00.672, End = 2016/10/31 12:15:00.672, Ellapsed = 1 ms 
[2016-10-31 12:16:40.3145][60758eb6-c85d-4fa1-b777-c8c27aa101bf][TRACE] User: Uri:/Shared/V1/Anonymous/page/Login Start = 2016/10/31 12:15:08.411, End = 2016/10/31 12:16:40.314, Ellapsed = 91914 ms 
[2016-10-31 12:16:41.1739][0d55de3c-c629-4634-9d51-012ae726ff44][TRACE] User:admin Uri:/Membership/V1/Users/page/UserSearchList Start = 2016/10/31 12:16:41.095, End = 2016/10/31 12:16:41.173, Ellapsed = 74 ms 
[2016-10-31 12:16:41.8614][16446c07-2583-4fff-b6f8-91cf64622d02][TRACE] User:admin Uri:/Membership/V1/resource/StringContents Start = 2016/10/31 12:16:41.845, End = 2016/10/31 12:16:41.845, Ellapsed = 0 ms 
[2016-10-31 12:16:41.8926][2ef21026-8f4d-4c96-a3d6-0a0d67fab5a5][TRACE] User:admin Uri:/Membership/V1/resource/Messages Start = 2016/10/31 12:16:41.877, End = 2016/10/31 12:16:41.892, Ellapsed = 0 ms 
[2016-10-31 12:16:42.5020][c6b858b9-c533-4367-ad96-01a78c5e04a0][TRACE] User:admin Uri:/Menu/V1/Users/api/MenuItems Start = 2016/10/31 12:16:42.267, End = 2016/10/31 12:16:42.502, Ellapsed = 225 ms 
[2016-10-31 12:20:20.0243][30319a8b-f2e7-4f0c-9d6e-df821a18c1c9][TRACE] User: Uri:/Shared/V1/Anonymous/page/Login Start = 2016/10/31 12:20:18.602, End = 2016/10/31 12:20:20.008, Ellapsed = 1402 ms 
[2016-10-31 12:20:22.1036][9120fccb-37a0-4beb-9b52-60395c842328][TRACE] User: Uri:/Shared/V1/resource/StringContents Start = 2016/10/31 12:20:22.075, End = 2016/10/31 12:20:22.103, Ellapsed = 28 ms 
[2016-10-31 12:20:22.2036][dd755927-e726-4228-8d19-41a02cdfece0][TRACE] User: Uri:/Shared/V1/resource/Messages Start = 2016/10/31 12:20:22.203, End = 2016/10/31 12:20:22.203, Ellapsed = 1 ms 
[2016-10-31 12:22:43.6327][c8caaa7b-fc2f-487b-91f6-975393895ffe][TRACE] User: Uri:/Shared/V1/Anonymous/page/Login Start = 2016/10/31 12:20:34.182, End = 2016/10/31 12:22:43.632, Ellapsed = 129449 ms 
[2016-10-31 12:22:47.3424][1ffe2090-c097-42e3-9c48-abdf406bd84a][TRACE] User:admin Uri:/Membership/V1/Users/page/UserSearchList Start = 2016/10/31 12:22:44.523, End = 2016/10/31 12:22:47.342, Ellapsed = 2813 ms 
[2016-10-31 12:22:48.4213][3d19d3dc-ca91-435c-93c9-6bb98e63d9cc][TRACE] User:admin Uri:/Membership/V1/resource/Messages Start = 2016/10/31 12:22:48.405, End = 2016/10/31 12:22:48.421, Ellapsed = 13 ms 
[2016-10-31 12:22:48.5463][92a21f68-2288-47bc-b9cb-531bbaa1eed3][TRACE] User:admin Uri:/Membership/V1/resource/StringContents Start = 2016/10/31 12:22:48.546, End = 2016/10/31 12:22:48.546, Ellapsed = 0 ms 
[2016-10-31 12:22:49.3867][b7e8adeb-5317-459c-b392-a45292cbec06][TRACE] User:admin Uri:/Menu/V1/Users/api/MenuItems Start = 2016/10/31 12:22:49.152, End = 2016/10/31 12:22:49.386, Ellapsed = 237 ms 
[2016-10-31 12:22:51.7369][0f5bb8c1-748d-4c69-82a7-ba97c2200d45][TRACE] User:admin Uri:/Membership/V1/Users/api/Units Start = 2016/10/31 12:22:49.996, End = 2016/10/31 12:22:51.736, Ellapsed = 1732 ms 
[2016-10-31 12:23:01.2049][fe67af44-cf9a-4b51-8f0e-60bc4eae941e][TRACE] User:admin Uri:/Membership/V1/Users/api/Users Start = 2016/10/31 12:22:54.313, End = 2016/10/31 12:23:01.204, Ellapsed = 6882 ms 
[2016-10-31 12:23:10.0150][5dde4334-b51d-4931-82de-2a153ad8946e][TRACE] User:admin Uri:/Membership/V1/Users/page/UserSearchList/_/test Start = 2016/10/31 12:23:10.015, End = 2016/10/31 12:23:10.015, Ellapsed = 4 ms 
[2016-10-31 12:23:11.4752][7779738e-3328-4bfe-8479-499e4b67066f][TRACE] User:admin Uri:/Membership/V1/resource/Messages Start = 2016/10/31 12:23:11.475, End = 2016/10/31 12:23:11.475, Ellapsed = 1 ms 
[2016-10-31 12:23:11.5065][f66af528-86bc-4c06-8b04-db7b99707042][TRACE] User:admin Uri:/Membership/V1/resource/StringContents Start = 2016/10/31 12:23:11.506, End = 2016/10/31 12:23:11.506, Ellapsed = 0 ms 
[2016-10-31 12:23:12.1362][b4fca983-1cef-4662-937c-41f0f90335b4][TRACE] User:admin Uri:/Menu/V1/Users/api/MenuItems Start = 2016/10/31 12:23:12.104, End = 2016/10/31 12:23:12.136, Ellapsed = 26 ms 
[2016-10-31 12:23:12.9018][2dc501e4-98fa-4517-964c-27ef3a4ea53c][TRACE] User:admin Uri:/Membership/V1/Users/api/Units Start = 2016/10/31 12:23:12.870, End = 2016/10/31 12:23:12.901, Ellapsed = 24 ms 
[2016-10-31 12:40:34.7377][d515a4a5-55aa-47fa-9074-24a6cd46b2c1][TRACE] User: Uri:/Shared/V1/Anonymous/page/Login Start = 2016/10/31 12:40:33.753, End = 2016/10/31 12:40:34.737, Ellapsed = 985 ms 
[2016-10-31 12:40:35.5971][2a4b9c77-0844-4923-a74b-f6d829a63dbc][TRACE] User: Uri:/Shared/V1/resource/StringContents Start = 2016/10/31 12:40:35.534, End = 2016/10/31 12:40:35.597, Ellapsed = 60 ms 
[2016-10-31 12:40:35.6284][8e8d4be5-9025-4090-ab45-f14b7c790dd2][TRACE] User: Uri:/Shared/V1/resource/Messages Start = 2016/10/31 12:40:35.628, End = 2016/10/31 12:40:35.628, Ellapsed = 0 ms 
[2016-10-31 12:40:44.4932][87f764e6-75df-457a-9499-5a52ebc03e0a][TRACE] User: Uri:/Shared/V1/Anonymous/page/Login Start = 2016/10/31 12:40:43.149, End = 2016/10/31 12:40:44.493, Ellapsed = 1342 ms 
[2016-10-31 12:40:46.9775][35af127c-49d1-4b31-befc-1912a2d11cb2][TRACE] User:admin Uri:/Membership/V1/Users/page/UserSearchList Start = 2016/10/31 12:40:45.258, End = 2016/10/31 12:40:46.977, Ellapsed = 1720 ms 
[2016-10-31 12:40:47.7900][189a9e6e-05bd-48b8-9a61-d5dcc21c7157][TRACE] User:admin Uri:/Membership/V1/resource/StringContents Start = 2016/10/31 12:40:47.790, End = 2016/10/31 12:40:47.790, Ellapsed = 0 ms 
[2016-10-31 12:40:47.8213][deb8a58a-f89e-468c-9d6d-2646b8f4d8b6][TRACE] User:admin Uri:/Membership/V1/resource/Messages Start = 2016/10/31 12:40:47.821, End = 2016/10/31 12:40:47.821, Ellapsed = 0 ms 
[2016-10-31 12:40:48.6963][6382df4c-a1a0-497f-acde-2a58f7f8a0af][TRACE] User:admin Uri:/Menu/V1/Users/api/MenuItems Start = 2016/10/31 12:40:48.477, End = 2016/10/31 12:40:48.696, Ellapsed = 215 ms 
[2016-10-31 12:40:49.3838][6dccc915-8746-4da6-8e34-c75505f29cb1][TRACE] User:admin Uri:/Membership/V1/Users/api/Units Start = 2016/10/31 12:40:49.196, End = 2016/10/31 12:40:49.383, Ellapsed = 186 ms 
[2016-10-31 12:40:55.4057][20e04bd7-2a10-4a43-8c39-109beee3e968][TRACE] User:admin Uri:/Membership/V1/Users/page/UserSearchList/_/test Start = 2016/10/31 12:40:55.390, End = 2016/10/31 12:40:55.405, Ellapsed = 4 ms 
[2016-10-31 12:40:56.4213][9abca820-7063-44d0-895f-4fa483ba4535][TRACE] User:admin Uri:/Membership/V1/resource/StringContents Start = 2016/10/31 12:40:56.421, End = 2016/10/31 12:40:56.421, Ellapsed = 1 ms 
[2016-10-31 12:40:56.4369][cb965e39-c7f5-470c-b375-5906039b7da0][TRACE] User:admin Uri:/Membership/V1/resource/Messages Start = 2016/10/31 12:40:56.436, End = 2016/10/31 12:40:56.436, Ellapsed = 0 ms 
[2016-10-31 12:40:56.9682][8222f5f0-86a6-4369-b1b2-13b77799b4d6][TRACE] User:admin Uri:/Menu/V1/Users/api/MenuItems Start = 2016/10/31 12:40:56.936, End = 2016/10/31 12:40:56.968, Ellapsed = 34 ms 
[2016-10-31 12:40:57.6190][38f6fd70-1770-41a4-ae1e-8238bf159c0f][TRACE] User:admin Uri:/Membership/V1/Users/api/Units Start = 2016/10/31 12:40:57.587, End = 2016/10/31 12:40:57.619, Ellapsed = 27 ms 
